2020-07-06T22:18:37+00:00 CRITICAL Uncaught ArgumentCountError: Too few arguments to function the_terms(), 0 passed in /Applications/MAMP/htdocs/wp-content/plugins/uniweb-products-tags/uniweb-products-tags.php on line 11 and at least 2 expected in /Applications/MAMP/htdocs/wp-includes/category-template.php:1394
Stack trace:
#0 /Applications/MAMP/htdocs/wp-content/plugins/uniweb-products-tags/uniweb-products-tags.php(11): the_terms()
#1 /Applications/MAMP/htdocs/wp-includes/shortcodes.php(343): shortcode_tags('', '', 'tags-custom')
#2 [internal function]: do_shortcode_tag(Array)
#3 /Applications/MAMP/htdocs/wp-includes/shortcodes.php(218): preg_replace_callback('/\\[(\\[?)(tags\\-...', 'do_shortcode_ta...', '[tags-custom]')
#4 /Applications/MAMP/htdocs/wp-content/themes/Divi/includes/builder/class-et-builder-element.php(2196): do_shortcode('[tags-custom]')
#5 /Applications/MAMP/htdocs/wp-includes/shortcodes.php(343): ET_Builder_Element->_render(Array, '[tags-custom]', 'et_pb_code')
#6 [internal function]: do_shortcode_tag(Array)
#7 /Application dans /Applications/MAMP/htdocs/wp-includes/category-template.php à la ligne 1394

2020-07-06T22:25:31+00:00 CRITICAL Uncaught Error: Call to undefined function get_therm() in /Applications/MAMP/htdocs/wp-content/plugins/uniweb-products-tags/uniweb-products-tags.php:11
Stack trace:
#0 /Applications/MAMP/htdocs/wp-includes/shortcodes.php(343): shortcode_tags('', '', 'tags-custom')
#1 [internal function]: do_shortcode_tag(Array)
#2 /Applications/MAMP/htdocs/wp-includes/shortcodes.php(218): preg_replace_callback('/\\[(\\[?)(tags\\-...', 'do_shortcode_ta...', '[tags-custom]')
#3 /Applications/MAMP/htdocs/wp-content/themes/Divi/includes/builder/class-et-builder-element.php(2196): do_shortcode('[tags-custom]')
#4 /Applications/MAMP/htdocs/wp-includes/shortcodes.php(343): ET_Builder_Element->_render(Array, '[tags-custom]', 'et_pb_code')
#5 [internal function]: do_shortcode_tag(Array)
#6 /Applications/MAMP/htdocs/wp-includes/shortcodes.php(218): preg_replace_callback('/\\[(\\[?)(tags\\-...', 'do_shortcode_ta...', '[et_pb_wc_title...')
#7 /Applications/MAMP/htdocs/wp-content/themes/Divi/includes/builder/main-structure-elements.php(26 dans /Applications/MAMP/htdocs/wp-content/plugins/uniweb-products-tags/uniweb-products-tags.php à la ligne 11

